{"C:\\Users\\dylan_huang\\bloglist-frontend\\src\\App.jsx": {"path":"C:\\Users\\dylan_huang\\bloglist-frontend\\src\\App.jsx","statementMap":{"0":{"start":{"line":9,"column":26},"end":{"line":14,"column":1}},"1":{"start":{"line":10,"column":2},"end":{"line":12,"column":3}},"2":{"start":{"line":11,"column":4},"end":{"line":11,"column":16}},"3":{"start":{"line":13,"column":2},"end":{"line":13,"column":53}},"4":{"start":{"line":16,"column":12},"end":{"line":118,"column":1}},"5":{"start":{"line":18,"column":28},"end":{"line":18,"column":40}},"6":{"start":{"line":19,"column":32},"end":{"line":19,"column":44}},"7":{"start":{"line":20,"column":32},"end":{"line":20,"column":46}},"8":{"start":{"line":21,"column":42},"end":{"line":21,"column":56}},"9":{"start":{"line":22,"column":34},"end":{"line":22,"column":46}},"10":{"start":{"line":23,"column":34},"end":{"line":23,"column":46}},"11":{"start":{"line":24,"column":26},"end":{"line":24,"column":40}},"12":{"start":{"line":25,"column":42},"end":{"line":25,"column":57}},"13":{"start":{"line":27,"column":20},"end":{"line":31,"column":3}},"14":{"start":{"line":33,"column":2},"end":{"line":35,"column":3}},"15":{"start":{"line":37,"column":2},"end":{"line":42,"column":8}},"16":{"start":{"line":38,"column":4},"end":{"line":41,"column":6}},"17":{"start":{"line":39,"column":6},"end":{"line":39,"column":21}},"18":{"start":{"line":40,"column":6},"end":{"line":40,"column":24}},"19":{"start":{"line":44,"column":2},"end":{"line":51,"column":8}},"20":{"start":{"line":45,"column":27},"end":{"line":45,"column":75}},"21":{"start":{"line":46,"column":4},"end":{"line":50,"column":5}},"22":{"start":{"line":47,"column":19},"end":{"line":47,"column":45}},"23":{"start":{"line":48,"column":6},"end":{"line":48,"column":19}},"24":{"start":{"line":49,"column":6},"end":{"line":49,"column":38}},"25":{"start":{"line":53,"column":22},"end":{"line":74,"column":3}},"26":{"start":{"line":54,"column":4},"end":{"line":54,"column":26}},"27":{"start":{"line":56,"column":4},"end":{"line":73,"column":5}},"28":{"start":{"line":57,"column":19},"end":{"line":59,"column":8}},"29":{"start":{"line":60,"column":6},"end":{"line":62,"column":7}},"30":{"start":{"line":63,"column":6},"end":{"line":63,"column":38}},"31":{"start":{"line":64,"column":6},"end":{"line":64,"column":19}},"32":{"start":{"line":65,"column":6},"end":{"line":65,"column":21}},"33":{"start":{"line":66,"column":6},"end":{"line":66,"column":21}},"34":{"start":{"line":68,"column":6},"end":{"line":68,"column":42}},"35":{"start":{"line":69,"column":6},"end":{"line":71,"column":14}},"36":{"start":{"line":70,"column":8},"end":{"line":70,"column":29}},"37":{"start":{"line":75,"column":23},"end":{"line":78,"column":3}},"38":{"start":{"line":76,"column":4},"end":{"line":76,"column":31}},"39":{"start":{"line":77,"column":4},"end":{"line":77,"column":17}},"40":{"start":{"line":79,"column":20},"end":{"line":100,"column":3}},"41":{"start":{"line":80,"column":28},"end":{"line":80,"column":67}},"42":{"start":{"line":81,"column":28},"end":{"line":81,"column":67}},"43":{"start":{"line":83,"column":4},"end":{"line":99,"column":5}},"44":{"start":{"line":86,"column":33},"end":{"line":86,"column":54}},"45":{"start":{"line":92,"column":50},"end":{"line":92,"column":75}},"46":{"start":{"line":93,"column":50},"end":{"line":93,"column":75}},"47":{"start":{"line":96,"column":33},"end":{"line":96,"column":55}},"48":{"start":{"line":102,"column":2},"end":{"line":117,"column":3}},"49":{"start":{"line":114,"column":8},"end":{"line":114,"column":42}}},"fnMap":{"0":{"name":"(anonymous_0)","decl":{"start":{"line":9,"column":26},"end":{"line":9,"column":27}},"loc":{"start":{"line":9,"column":48},"end":{"line":14,"column":1}},"line":9},"1":{"name":"(anonymous_1)","decl":{"start":{"line":16,"column":12},"end":{"line":16,"column":13}},"loc":{"start":{"line":16,"column":18},"end":{"line":118,"column":1}},"line":16},"2":{"name":"(anonymous_2)","decl":{"start":{"line":37,"column":12},"end":{"line":37,"column":13}},"loc":{"start":{"line":37,"column":18},"end":{"line":42,"column":3}},"line":37},"3":{"name":"(anonymous_3)","decl":{"start":{"line":38,"column":30},"end":{"line":38,"column":31}},"loc":{"start":{"line":38,"column":39},"end":{"line":41,"column":5}},"line":38},"4":{"name":"(anonymous_4)","decl":{"start":{"line":44,"column":12},"end":{"line":44,"column":13}},"loc":{"start":{"line":44,"column":18},"end":{"line":51,"column":3}},"line":44},"5":{"name":"(anonymous_5)","decl":{"start":{"line":53,"column":22},"end":{"line":53,"column":23}},"loc":{"start":{"line":53,"column":39},"end":{"line":74,"column":3}},"line":53},"6":{"name":"(anonymous_6)","decl":{"start":{"line":69,"column":17},"end":{"line":69,"column":18}},"loc":{"start":{"line":69,"column":23},"end":{"line":71,"column":7}},"line":69},"7":{"name":"(anonymous_7)","decl":{"start":{"line":75,"column":23},"end":{"line":75,"column":24}},"loc":{"start":{"line":75,"column":29},"end":{"line":78,"column":3}},"line":75},"8":{"name":"(anonymous_8)","decl":{"start":{"line":79,"column":20},"end":{"line":79,"column":21}},"loc":{"start":{"line":79,"column":26},"end":{"line":100,"column":3}},"line":79},"9":{"name":"(anonymous_9)","decl":{"start":{"line":86,"column":27},"end":{"line":86,"column":28}},"loc":{"start":{"line":86,"column":33},"end":{"line":86,"column":54}},"line":86},"10":{"name":"(anonymous_10)","decl":{"start":{"line":92,"column":34},"end":{"line":92,"column":35}},"loc":{"start":{"line":92,"column":50},"end":{"line":92,"column":75}},"line":92},"11":{"name":"(anonymous_11)","decl":{"start":{"line":93,"column":34},"end":{"line":93,"column":35}},"loc":{"start":{"line":93,"column":50},"end":{"line":93,"column":75}},"line":93},"12":{"name":"(anonymous_12)","decl":{"start":{"line":96,"column":27},"end":{"line":96,"column":28}},"loc":{"start":{"line":96,"column":33},"end":{"line":96,"column":55}},"line":96},"13":{"name":"(anonymous_13)","decl":{"start":{"line":113,"column":25},"end":{"line":113,"column":26}},"loc":{"start":{"line":114,"column":8},"end":{"line":114,"column":42}},"line":114}},"branchMap":{"0":{"loc":{"start":{"line":10,"column":2},"end":{"line":12,"column":3}},"type":"if","locations":[{"start":{"line":10,"column":2},"end":{"line":12,"column":3}},{"start":{},"end":{}}],"line":10},"1":{"loc":{"start":{"line":46,"column":4},"end":{"line":50,"column":5}},"type":"if","locations":[{"start":{"line":46,"column":4},"end":{"line":50,"column":5}},{"start":{},"end":{}}],"line":46},"2":{"loc":{"start":{"line":80,"column":39},"end":{"line":80,"column":65}},"type":"cond-expr","locations":[{"start":{"line":80,"column":54},"end":{"line":80,"column":60}},{"start":{"line":80,"column":63},"end":{"line":80,"column":65}}],"line":80},"3":{"loc":{"start":{"line":81,"column":39},"end":{"line":81,"column":65}},"type":"cond-expr","locations":[{"start":{"line":81,"column":54},"end":{"line":81,"column":56}},{"start":{"line":81,"column":59},"end":{"line":81,"column":65}}],"line":81},"4":{"loc":{"start":{"line":108,"column":7},"end":{"line":108,"column":35}},"type":"binary-expr","locations":[{"start":{"line":108,"column":7},"end":{"line":108,"column":20}},{"start":{"line":108,"column":24},"end":{"line":108,"column":35}}],"line":108},"5":{"loc":{"start":{"line":109,"column":7},"end":{"line":111,"column":12}},"type":"binary-expr","locations":[{"start":{"line":109,"column":7},"end":{"line":109,"column":11}},{"start":{"line":109,"column":15},"end":{"line":111,"column":12}}],"line":109},"6":{"loc":{"start":{"line":113,"column":7},"end":{"line":115,"column":7}},"type":"binary-expr","locations":[{"start":{"line":113,"column":7},"end":{"line":113,"column":11}},{"start":{"line":113,"column":15},"end":{"line":115,"column":7}}],"line":113}},"s":{"0":0,"1":0,"2":0,"3":0,"4":0,"5":0,"6":0,"7":0,"8":0,"9":0,"10":0,"11":0,"12":0,"13":0,"14":0,"15":0,"16":0,"17":0,"18":0,"19":0,"20":0,"21":0,"22":0,"23":0,"24":0,"25":0,"26":0,"27":0,"28":0,"29":0,"30":0,"31":0,"32":0,"33":0,"34":0,"35":0,"36":0,"37":0,"38":0,"39":0,"40":0,"41":0,"42":0,"43":0,"44":0,"45":0,"46":0,"47":0,"48":0,"49":0},"f":{"0":0,"1":0,"2":0,"3":0,"4":0,"5":0,"6":0,"7":0,"8":0,"9":0,"10":0,"11":0,"12":0,"13":0},"b":{"0":[0,0],"1":[0,0],"2":[0,0],"3":[0,0],"4":[0,0],"5":[0,0],"6":[0,0]}}
,"C:\\Users\\dylan_huang\\bloglist-frontend\\src\\main.jsx": {"path":"C:\\Users\\dylan_huang\\bloglist-frontend\\src\\main.jsx","statementMap":{"0":{"start":{"line":4,"column":0},"end":{"line":4,"column":68}}},"fnMap":{},"branchMap":{},"s":{"0":0},"f":{},"b":{}}
,"C:\\Users\\dylan_huang\\bloglist-frontend\\src\\components\\Blog.jsx": {"path":"C:\\Users\\dylan_huang\\bloglist-frontend\\src\\components\\Blog.jsx","statementMap":{"0":{"start":{"line":3,"column":13},"end":{"line":49,"column":1}},"1":{"start":{"line":4,"column":22},"end":{"line":4,"column":30}},"2":{"start":{"line":5,"column":32},"end":{"line":5,"column":47}},"3":{"start":{"line":6,"column":27},"end":{"line":13,"column":3}},"4":{"start":{"line":14,"column":29},"end":{"line":21,"column":3}},"5":{"start":{"line":22,"column":27},"end":{"line":24,"column":3}},"6":{"start":{"line":23,"column":4},"end":{"line":23,"column":24}},"7":{"start":{"line":25,"column":2},"end":{"line":48,"column":3}},"8":{"start":{"line":51,"column":0},"end":{"line":59,"column":1}}},"fnMap":{"0":{"name":"(anonymous_0)","decl":{"start":{"line":3,"column":13},"end":{"line":3,"column":14}},"loc":{"start":{"line":3,"column":27},"end":{"line":49,"column":1}},"line":3},"1":{"name":"(anonymous_1)","decl":{"start":{"line":22,"column":27},"end":{"line":22,"column":28}},"loc":{"start":{"line":22,"column":33},"end":{"line":24,"column":3}},"line":22}},"branchMap":{"0":{"loc":{"start":{"line":12,"column":13},"end":{"line":12,"column":34}},"type":"cond-expr","locations":[{"start":{"line":12,"column":23},"end":{"line":12,"column":25}},{"start":{"line":12,"column":28},"end":{"line":12,"column":34}}],"line":12},"1":{"loc":{"start":{"line":20,"column":13},"end":{"line":20,"column":34}},"type":"cond-expr","locations":[{"start":{"line":20,"column":23},"end":{"line":20,"column":29}},{"start":{"line":20,"column":32},"end":{"line":20,"column":34}}],"line":20}},"s":{"0":1,"1":1,"2":1,"3":1,"4":1,"5":1,"6":0,"7":1,"8":1},"f":{"0":1,"1":0},"b":{"0":[0,1],"1":[0,1]},"_coverageSchema":"1a1c01bbd47fc00a2c39e90264f33305004495a9","hash":"fbfbb885ac376f077cc24b98a620a2cccff8f80e"}
,"C:\\Users\\dylan_huang\\bloglist-frontend\\src\\components\\LoginForm.jsx": {"path":"C:\\Users\\dylan_huang\\bloglist-frontend\\src\\components\\LoginForm.jsx","statementMap":{"0":{"start":{"line":1,"column":18},"end":{"line":32,"column":1}},"1":{"start":{"line":8,"column":1},"end":{"line":31,"column":2}}},"fnMap":{"0":{"name":"(anonymous_0)","decl":{"start":{"line":1,"column":18},"end":{"line":1,"column":19}},"loc":{"start":{"line":7,"column":7},"end":{"line":32,"column":1}},"line":7}},"branchMap":{},"s":{"0":0,"1":0},"f":{"0":0},"b":{}}
,"C:\\Users\\dylan_huang\\bloglist-frontend\\src\\components\\Notification.jsx": {"path":"C:\\Users\\dylan_huang\\bloglist-frontend\\src\\components\\Notification.jsx","statementMap":{"0":{"start":{"line":1,"column":21},"end":{"line":11,"column":1}},"1":{"start":{"line":2,"column":2},"end":{"line":4,"column":3}},"2":{"start":{"line":3,"column":4},"end":{"line":3,"column":15}},"3":{"start":{"line":6,"column":2},"end":{"line":10,"column":3}}},"fnMap":{"0":{"name":"(anonymous_0)","decl":{"start":{"line":1,"column":21},"end":{"line":1,"column":22}},"loc":{"start":{"line":1,"column":38},"end":{"line":11,"column":1}},"line":1}},"branchMap":{"0":{"loc":{"start":{"line":2,"column":2},"end":{"line":4,"column":3}},"type":"if","locations":[{"start":{"line":2,"column":2},"end":{"line":4,"column":3}},{"start":{},"end":{}}],"line":2}},"s":{"0":0,"1":0,"2":0,"3":0},"f":{"0":0},"b":{"0":[0,0]}}
,"C:\\Users\\dylan_huang\\bloglist-frontend\\src\\components\\Togglable.jsx": {"path":"C:\\Users\\dylan_huang\\bloglist-frontend\\src\\components\\Togglable.jsx","statementMap":{"0":{"start":{"line":3,"column":18},"end":{"line":30,"column":2}},"1":{"start":{"line":4,"column":32},"end":{"line":4,"column":47}},"2":{"start":{"line":6,"column":26},"end":{"line":6,"column":60}},"3":{"start":{"line":7,"column":26},"end":{"line":7,"column":60}},"4":{"start":{"line":9,"column":27},"end":{"line":11,"column":3}},"5":{"start":{"line":10,"column":4},"end":{"line":10,"column":24}},"6":{"start":{"line":13,"column":2},"end":{"line":17,"column":4}},"7":{"start":{"line":14,"column":4},"end":{"line":16,"column":5}},"8":{"start":{"line":19,"column":2},"end":{"line":29,"column":3}}},"fnMap":{"0":{"name":"(anonymous_0)","decl":{"start":{"line":3,"column":29},"end":{"line":3,"column":30}},"loc":{"start":{"line":3,"column":45},"end":{"line":30,"column":1}},"line":3},"1":{"name":"(anonymous_1)","decl":{"start":{"line":9,"column":27},"end":{"line":9,"column":28}},"loc":{"start":{"line":9,"column":33},"end":{"line":11,"column":3}},"line":9},"2":{"name":"(anonymous_2)","decl":{"start":{"line":13,"column":27},"end":{"line":13,"column":28}},"loc":{"start":{"line":13,"column":33},"end":{"line":17,"column":3}},"line":13}},"branchMap":{"0":{"loc":{"start":{"line":6,"column":37},"end":{"line":6,"column":58}},"type":"cond-expr","locations":[{"start":{"line":6,"column":47},"end":{"line":6,"column":53}},{"start":{"line":6,"column":56},"end":{"line":6,"column":58}}],"line":6},"1":{"loc":{"start":{"line":7,"column":37},"end":{"line":7,"column":58}},"type":"cond-expr","locations":[{"start":{"line":7,"column":47},"end":{"line":7,"column":49}},{"start":{"line":7,"column":52},"end":{"line":7,"column":58}}],"line":7}},"s":{"0":0,"1":0,"2":0,"3":0,"4":0,"5":0,"6":0,"7":0,"8":0},"f":{"0":0,"1":0,"2":0},"b":{"0":[0,0],"1":[0,0]}}
,"C:\\Users\\dylan_huang\\bloglist-frontend\\src\\services\\blogs.js": {"path":"C:\\Users\\dylan_huang\\bloglist-frontend\\src\\services\\blogs.js","statementMap":{"0":{"start":{"line":2,"column":16},"end":{"line":2,"column":49}},"1":{"start":{"line":3,"column":12},"end":{"line":3,"column":16}},"2":{"start":{"line":5,"column":17},"end":{"line":7,"column":1}},"3":{"start":{"line":6,"column":2},"end":{"line":6,"column":30}},"4":{"start":{"line":9,"column":15},"end":{"line":12,"column":1}},"5":{"start":{"line":10,"column":18},"end":{"line":10,"column":36}},"6":{"start":{"line":11,"column":2},"end":{"line":11,"column":48}},"7":{"start":{"line":11,"column":34},"end":{"line":11,"column":47}},"8":{"start":{"line":14,"column":15},"end":{"line":21,"column":1}},"9":{"start":{"line":15,"column":17},"end":{"line":17,"column":3}},"10":{"start":{"line":19,"column":19},"end":{"line":19,"column":63}},"11":{"start":{"line":20,"column":2},"end":{"line":20,"column":22}},"12":{"start":{"line":23,"column":15},"end":{"line":26,"column":1}},"13":{"start":{"line":24,"column":18},"end":{"line":24,"column":60}},"14":{"start":{"line":25,"column":2},"end":{"line":25,"column":48}},"15":{"start":{"line":25,"column":34},"end":{"line":25,"column":47}}},"fnMap":{"0":{"name":"(anonymous_0)","decl":{"start":{"line":5,"column":17},"end":{"line":5,"column":18}},"loc":{"start":{"line":5,"column":29},"end":{"line":7,"column":1}},"line":5},"1":{"name":"(anonymous_1)","decl":{"start":{"line":9,"column":15},"end":{"line":9,"column":16}},"loc":{"start":{"line":9,"column":21},"end":{"line":12,"column":1}},"line":9},"2":{"name":"(anonymous_2)","decl":{"start":{"line":11,"column":22},"end":{"line":11,"column":23}},"loc":{"start":{"line":11,"column":34},"end":{"line":11,"column":47}},"line":11},"3":{"name":"(anonymous_3)","decl":{"start":{"line":14,"column":15},"end":{"line":14,"column":16}},"loc":{"start":{"line":14,"column":34},"end":{"line":21,"column":1}},"line":14},"4":{"name":"(anonymous_4)","decl":{"start":{"line":23,"column":15},"end":{"line":23,"column":16}},"loc":{"start":{"line":23,"column":34},"end":{"line":26,"column":1}},"line":23},"5":{"name":"(anonymous_5)","decl":{"start":{"line":25,"column":22},"end":{"line":25,"column":23}},"loc":{"start":{"line":25,"column":34},"end":{"line":25,"column":47}},"line":25}},"branchMap":{},"s":{"0":0,"1":0,"2":0,"3":0,"4":0,"5":0,"6":0,"7":0,"8":0,"9":0,"10":0,"11":0,"12":0,"13":0,"14":0,"15":0},"f":{"0":0,"1":0,"2":0,"3":0,"4":0,"5":0},"b":{}}
,"C:\\Users\\dylan_huang\\bloglist-frontend\\src\\services\\login.js": {"path":"C:\\Users\\dylan_huang\\bloglist-frontend\\src\\services\\login.js","statementMap":{"0":{"start":{"line":2,"column":16},"end":{"line":2,"column":28}},"1":{"start":{"line":4,"column":14},"end":{"line":7,"column":1}},"2":{"start":{"line":5,"column":19},"end":{"line":5,"column":57}},"3":{"start":{"line":6,"column":2},"end":{"line":6,"column":22}}},"fnMap":{"0":{"name":"(anonymous_0)","decl":{"start":{"line":4,"column":14},"end":{"line":4,"column":15}},"loc":{"start":{"line":4,"column":35},"end":{"line":7,"column":1}},"line":4}},"branchMap":{},"s":{"0":0,"1":0,"2":0,"3":0},"f":{"0":0},"b":{}}
}
